Using pre-set license
Built from '2021.3/staging' branch; Version is '2021.3.11f1 (0a5ca18544bf) revision 679073'; Using compiler version '192829333'; Build Type 'Release'
OS: 'Windows 10  (10.0.19045) 64bit ProfessionalN' Language: 'en' Physical Memory: 16334 MB
BatchMode: 1, IsHumanControllingUs: 0, StartBugReporterOnCrash: 0, Is64bit: 1, IsPro: 1

COMMAND LINE ARGUMENTS:
U:\Unity Main Things\Unity Installs\2021.3.11f1\Editor\Unity.exe
-adb2
-batchMode
-noUpm
-name
AssetImportWorker0
-projectPath
U:/GitHub/Programming-Repo/2D RPG github
-logFile
Logs/AssetImportWorker0.log
-srvPort
58118
Successfully changed project path to: U:/GitHub/Programming-Repo/2D RPG github
U:/GitHub/Programming-Repo/2D RPG github
[UnityMemory] Configuration Parameters - Can be set up in boot.config
    "memorysetup-bucket-allocator-granularity=16"
    "memorysetup-bucket-allocator-bucket-count=8"
    "memorysetup-bucket-allocator-block-size=33554432"
    "memorysetup-bucket-allocator-block-count=8"
    "memorysetup-main-allocator-block-size=16777216"
    "memorysetup-thread-allocator-block-size=16777216"
    "memorysetup-gfx-main-allocator-block-size=16777216"
    "memorysetup-gfx-thread-allocator-block-size=16777216"
    "memorysetup-cache-allocator-block-size=4194304"
    "memorysetup-typetree-allocator-block-size=2097152"
    "memorysetup-profiler-bucket-allocator-granularity=16"
    "memorysetup-profiler-bucket-allocator-bucket-count=8"
    "memorysetup-profiler-bucket-allocator-block-size=33554432"
    "memorysetup-profiler-bucket-allocator-block-count=8"
    "memorysetup-profiler-allocator-block-size=16777216"
    "memorysetup-profiler-editor-allocator-block-size=1048576"
    "memorysetup-temp-allocator-size-main=16777216"
    "memorysetup-job-temp-allocator-block-size=2097152"
    "memorysetup-job-temp-allocator-block-size-background=1048576"
    "memorysetup-job-temp-allocator-reduction-small-platforms=262144"
    "memorysetup-temp-allocator-size-background-worker=32768"
    "memorysetup-temp-allocator-size-job-worker=262144"
    "memorysetup-temp-allocator-size-preload-manager=33554432"
    "memorysetup-temp-allocator-size-nav-mesh-worker=65536"
    "memorysetup-temp-allocator-size-audio-worker=65536"
    "memorysetup-temp-allocator-size-cloud-worker=32768"
    "memorysetup-temp-allocator-size-gi-baking-worker=262144"
    "memorysetup-temp-allocator-size-gfx=262144"
Refreshing native plugins compatible for Editor in 128.87 ms, found 8 plugins.
Preloading 0 native plugins for Editor in 0.00 ms.
Initialize engine version: 2021.3.11f1 (0a5ca18544bf)
[Subsystems] Discovering subsystems at path U:/Unity Main Things/Unity Installs/2021.3.11f1/Editor/Data/Resources/UnitySubsystems
[Subsystems] Discovering subsystems at path U:/GitHub/Programming-Repo/2D RPG github/Assets
GfxDevice: creating device client; threaded=0; jobified=0
Direct3D:
    Version:  Direct3D 11.0 [level 11.1]
    Renderer: NVIDIA GeForce RTX 3060 (ID=0x2504)
    Vendor:   NVIDIA
    VRAM:     12129 MB
    Driver:   31.0.15.3161
Initialize mono
Mono path[0] = 'U:/Unity Main Things/Unity Installs/2021.3.11f1/Editor/Data/Managed'
Mono path[1] = 'U:/Unity Main Things/Unity Installs/2021.3.11f1/Editor/Data/MonoBleedingEdge/lib/mono/unityjit-win32'
Mono config path = 'U:/Unity Main Things/Unity Installs/2021.3.11f1/Editor/Data/MonoBleedingEdge/etc'
Using monoOptions --debugger-agent=transport=dt_socket,embedding=1,server=y,suspend=n,address=127.0.0.1:56256
Begin MonoManager ReloadAssembly
Registering precompiled unity dll's ...
Register platform support module: U:/Unity Main Things/Unity Installs/2021.3.11f1/Editor/Data/PlaybackEngines/WebGLSupport/UnityEditor.WebGL.Extensions.dll
Register platform support module: U:/Unity Main Things/Unity Installs/2021.3.11f1/Editor/Data/PlaybackEngines/AndroidPlayer/UnityEditor.Android.Extensions.dll
Register platform support module: U:/Unity Main Things/Unity Installs/2021.3.11f1/Editor/Data/PlaybackEngines/WindowsStandaloneSupport/UnityEditor.WindowsStandalone.Extensions.dll
Registered in 0.005128 seconds.
Native extension for WindowsStandalone target not found
Native extension for Android target not found
Native extension for WebGL target not found
Refreshing native plugins compatible for Editor in 121.17 ms, found 8 plugins.
Preloading 0 native plugins for Editor in 0.00 ms.
Mono: successfully reloaded assembly
- Completed reload, in  0.790 seconds
Domain Reload Profiling:
	ReloadAssembly (791ms)
		BeginReloadAssembly (88ms)
			ExecutionOrderSort (0ms)
			DisableScriptedObjects (0ms)
			BackupInstance (0ms)
			ReleaseScriptingObjects (0ms)
			CreateAndSetChildDomain (1ms)
		EndReloadAssembly (577ms)
			LoadAssemblies (88ms)
			RebuildTransferFunctionScriptingTraits (0ms)
			SetupTypeCache (124ms)
			ReleaseScriptCaches (0ms)
			RebuildScriptCaches (36ms)
			SetupLoadedEditorAssemblies (361ms)
				LogAssemblyErrors (0ms)
				InitializePlatformSupportModulesInManaged (62ms)
				SetLoadedEditorAssemblies (0ms)
				RefreshPlugins (121ms)
				BeforeProcessingInitializeOnLoad (2ms)
				ProcessInitializeOnLoadAttributes (122ms)
				ProcessInitializeOnLoadMethodAttributes (53ms)
				AfterProcessingInitializeOnLoad (0ms)
				EditorAssembliesLoaded (0ms)
			ExecutionOrderSort2 (0ms)
			AwakeInstancesAfterBackupRestoration (0ms)
Platform modules already initialized, skipping
Registering precompiled user dll's ...
Registered in 0.007654 seconds.
Begin MonoManager ReloadAssembly
Symbol file LoadedFromMemory doesn't match image U:\GitHub\Programming-Repo\2D RPG github\Library\PackageCache\com.unity.visualscripting@1.7.8\Editor\VisualScripting.Core\Dependencies\YamlDotNet\Unity.VisualScripting.YamlDotNet.dll
Symbol file LoadedFromMemory doesn't match image U:\GitHub\Programming-Repo\2D RPG github\Library\PackageCache\com.unity.visualscripting@1.7.8\Editor\VisualScripting.Core\Dependencies\DotNetZip\Unity.VisualScripting.IonicZip.dll
Native extension for WindowsStandalone target not found
Native extension for Android target not found
Native extension for WebGL target not found
Refreshing native plugins compatible for Editor in 130.70 ms, found 8 plugins.
Preloading 0 native plugins for Editor in 0.00 ms.
Mono: successfully reloaded assembly
- Completed reload, in  1.653 seconds
Domain Reload Profiling:
	ReloadAssembly (1654ms)
		BeginReloadAssembly (236ms)
			ExecutionOrderSort (0ms)
			DisableScriptedObjects (7ms)
			BackupInstance (0ms)
			ReleaseScriptingObjects (0ms)
			CreateAndSetChildDomain (125ms)
		EndReloadAssembly (1292ms)
			LoadAssemblies (112ms)
			RebuildTransferFunctionScriptingTraits (0ms)
			SetupTypeCache (328ms)
			ReleaseScriptCaches (1ms)
			RebuildScriptCaches (100ms)
			SetupLoadedEditorAssemblies (699ms)
				LogAssemblyErrors (0ms)
				InitializePlatformSupportModulesInManaged (19ms)
				SetLoadedEditorAssemblies (0ms)
				RefreshPlugins (131ms)
				BeforeProcessingInitializeOnLoad (143ms)
				ProcessInitializeOnLoadAttributes (347ms)
				ProcessInitializeOnLoadMethodAttributes (55ms)
				AfterProcessingInitializeOnLoad (4ms)
				EditorAssembliesLoaded (0ms)
			ExecutionOrderSort2 (0ms)
			AwakeInstancesAfterBackupRestoration (6ms)
Platform modules already initialized, skipping
========================================================================
Worker process is ready to serve import requests
Launched and connected shader compiler UnityShaderCompiler.exe after 0.05 seconds
Refreshing native plugins compatible for Editor in 1.51 ms, found 8 plugins.
Preloading 0 native plugins for Editor in 0.00 ms.
Unloading 4811 Unused Serialized files (Serialized files now loaded: 0)
Unloading 63 unused Assets / (0.6 MB). Loaded Objects now: 5258.
Memory consumption went from 177.8 MB to 177.2 MB.
Total: 5.064700 ms (FindLiveObjects: 0.631800 ms CreateObjectMapping: 0.140600 ms MarkObjects: 3.822300 ms  DeleteObjects: 0.468200 ms)

AssetImportParameters requested are different than current active one (requested -> active):
  custom:video-decoder-ogg-theora: a1e56fd34408186e4bbccfd4996cb3dc -> 
  custom:container-muxer-webm: aa71ff27fc2769a1b78a27578f13a17b -> 
  custom:container-demuxer-webm: 4f35f7cbe854078d1ac9338744f61a02 -> 
  custom:video-encoder-webm-vp8: eb34c28f22e8b96e1ab97ce403110664 -> 
  custom:audio-encoder-webm-vorbis: bf7c407c2cedff20999df2af8eb42d56 -> 
  custom:framework-win-MediaFoundation: 216162199b28c13a410421893ffa2e32 -> 
  custom:container-demuxer-ogg: 62fdf1f143b41e24485cea50d1cbac27 -> 
  custom:video-decoder-webm-vp8: 9c59270c3fd7afecdb556c50c9e8de78 -> 
  custom:audio-decoder-ogg-vorbis: bf7c407c2cedff20999df2af8eb42d56 -> 
========================================================================
Received Import Request.
  Time since last request: 438496.466798 seconds.
  path: Assets/Prefabs/Aim Dot.prefab
  artifactKey: Guid(d7ed8820324e0ef4ebb3171878583cd4) Importer(815301076,1909f56bfc062723c751e8b465ee728b)
Start importing Assets/Prefabs/Aim Dot.prefab using Guid(d7ed8820324e0ef4ebb3171878583cd4) Importer(815301076,1909f56bfc062723c751e8b465ee728b)  -> (artifact id: 'e5752db2df81a923d74e9ba90860124d') in 0.159724 seconds 
========================================================================
Received Import Request.
  Time since last request: 0.000034 seconds.
  path: Assets/Prefabs/Sword.prefab
  artifactKey: Guid(50eb03574f5164545abbcdc4c532f989) Importer(815301076,1909f56bfc062723c751e8b465ee728b)
Start importing Assets/Prefabs/Sword.prefab using Guid(50eb03574f5164545abbcdc4c532f989) Importer(815301076,1909f56bfc062723c751e8b465ee728b)  -> (artifact id: '1d1bdb28bbe83eaf880289c28b20495f') in 0.042281 seconds 
========================================================================
Received Import Request.
  Time since last request: 11.176798 seconds.
  path: Assets/Scripts/Entity.cs
  artifactKey: Guid(59c0bf104537a3c4d854794a007adb21) Importer(815301076,1909f56bfc062723c751e8b465ee728b)
Start importing Assets/Scripts/Entity.cs using Guid(59c0bf104537a3c4d854794a007adb21) Importer(815301076,1909f56bfc062723c751e8b465ee728b)  -> (artifact id: 'cc5a6186e0f45424119499306a599711') in 0.014307 seconds 
========================================================================
Received Import Request.
  Time since last request: 15.383775 seconds.
  path: Assets/Scripts/Enemy
  artifactKey: Guid(0537d75b2375e4d499c338ffa621dc95) Importer(815301076,1909f56bfc062723c751e8b465ee728b)
Start importing Assets/Scripts/Enemy using Guid(0537d75b2375e4d499c338ffa621dc95) Importer(815301076,1909f56bfc062723c751e8b465ee728b)  -> (artifact id: '283421ac7bd2fc3ea60b3a647e414f86') in 0.010791 seconds 
========================================================================
Received Import Request.
  Time since last request: 1.202714 seconds.
  path: Assets/Scripts/Enemy/EnemySM
  artifactKey: Guid(4f094a24c19fdd24fa5000f215c70e1a) Importer(815301076,1909f56bfc062723c751e8b465ee728b)
Start importing Assets/Scripts/Enemy/EnemySM using Guid(4f094a24c19fdd24fa5000f215c70e1a) Importer(815301076,1909f56bfc062723c751e8b465ee728b)  -> (artifact id: 'd002e278a227de53f6b8c94db273c60e') in 0.011000 seconds 
========================================================================
Received Import Request.
  Time since last request: 0.922730 seconds.
  path: Assets/Scripts/Enemy/EnemySM/Enemy.cs
  artifactKey: Guid(c495510277d720f478ce007b96c57d15) Importer(815301076,1909f56bfc062723c751e8b465ee728b)
Start importing Assets/Scripts/Enemy/EnemySM/Enemy.cs using Guid(c495510277d720f478ce007b96c57d15) Importer(815301076,1909f56bfc062723c751e8b465ee728b)  -> (artifact id: 'e377eb4af758ae0c7aaf8a1525771dcb') in 0.002779 seconds 
========================================================================
Received Import Request.
  Time since last request: 26.397165 seconds.
  path: Assets/Scripts/Enemy/EnemySM/Enemy.cs
  artifactKey: Guid(c495510277d720f478ce007b96c57d15) Importer(815301076,1909f56bfc062723c751e8b465ee728b)
Start importing Assets/Scripts/Enemy/EnemySM/Enemy.cs using Guid(c495510277d720f478ce007b96c57d15) Importer(815301076,1909f56bfc062723c751e8b465ee728b)  -> (artifact id: '9e66d19c7768e4f262522a0f74a865ba') in 0.002321 seconds 
========================================================================
Received Import Request.
  Time since last request: 21.531281 seconds.
  path: Assets/Scripts/Enemy/EnemySM/Enemy.cs
  artifactKey: Guid(c495510277d720f478ce007b96c57d15) Importer(815301076,1909f56bfc062723c751e8b465ee728b)
Start importing Assets/Scripts/Enemy/EnemySM/Enemy.cs using Guid(c495510277d720f478ce007b96c57d15) Importer(815301076,1909f56bfc062723c751e8b465ee728b)  -> (artifact id: '04a165df45d1495d4aae4a72e9b9f764') in 0.002648 seconds 
========================================================================
Received Prepare
Registering precompiled user dll's ...
Registered in 0.007389 seconds.
Begin MonoManager ReloadAssembly
Symbol file LoadedFromMemory doesn't match image U:\GitHub\Programming-Repo\2D RPG github\Library\PackageCache\com.unity.visualscripting@1.7.8\Editor\VisualScripting.Core\Dependencies\YamlDotNet\Unity.VisualScripting.YamlDotNet.dll
Symbol file LoadedFromMemory doesn't match image U:\GitHub\Programming-Repo\2D RPG github\Library\PackageCache\com.unity.visualscripting@1.7.8\Editor\VisualScripting.Core\Dependencies\DotNetZip\Unity.VisualScripting.IonicZip.dll
Native extension for WindowsStandalone target not found
Native extension for Android target not found
Native extension for WebGL target not found
Refreshing native plugins compatible for Editor in 1.13 ms, found 8 plugins.
Preloading 0 native plugins for Editor in 0.00 ms.
Mono: successfully reloaded assembly
- Completed reload, in  1.381 seconds
Domain Reload Profiling:
	ReloadAssembly (1382ms)
		BeginReloadAssembly (156ms)
			ExecutionOrderSort (0ms)
			DisableScriptedObjects (8ms)
			BackupInstance (0ms)
			ReleaseScriptingObjects (0ms)
			CreateAndSetChildDomain (44ms)
		EndReloadAssembly (1114ms)
			LoadAssemblies (106ms)
			RebuildTransferFunctionScriptingTraits (0ms)
			SetupTypeCache (300ms)
			ReleaseScriptCaches (2ms)
			RebuildScriptCaches (69ms)
			SetupLoadedEditorAssemblies (589ms)
				LogAssemblyErrors (0ms)
				InitializePlatformSupportModulesInManaged (25ms)
				SetLoadedEditorAssemblies (1ms)
				RefreshPlugins (1ms)
				BeforeProcessingInitializeOnLoad (112ms)
				ProcessInitializeOnLoadAttributes (389ms)
				ProcessInitializeOnLoadMethodAttributes (56ms)
				AfterProcessingInitializeOnLoad (4ms)
				EditorAssembliesLoaded (0ms)
			ExecutionOrderSort2 (0ms)
			AwakeInstancesAfterBackupRestoration (9ms)
Platform modules already initialized, skipping
Refreshing native plugins compatible for Editor in 4.49 ms, found 8 plugins.
Preloading 0 native plugins for Editor in 0.00 ms.
Unloading 4787 Unused Serialized files (Serialized files now loaded: 0)
Unloading 38 unused Assets / (0.6 MB). Loaded Objects now: 5281.
Memory consumption went from 180.1 MB to 179.5 MB.
Total: 4.619400 ms (FindLiveObjects: 0.382200 ms CreateObjectMapping: 0.114300 ms MarkObjects: 3.726300 ms  DeleteObjects: 0.395400 ms)

AssetImportParameters requested are different than current active one (requested -> active):
  custom:video-decoder-ogg-theora: a1e56fd34408186e4bbccfd4996cb3dc -> 
  custom:container-muxer-webm: aa71ff27fc2769a1b78a27578f13a17b -> 
  custom:container-demuxer-webm: 4f35f7cbe854078d1ac9338744f61a02 -> 
  custom:video-encoder-webm-vp8: eb34c28f22e8b96e1ab97ce403110664 -> 
  custom:audio-encoder-webm-vorbis: bf7c407c2cedff20999df2af8eb42d56 -> 
  custom:framework-win-MediaFoundation: 216162199b28c13a410421893ffa2e32 -> 
  custom:container-demuxer-ogg: 62fdf1f143b41e24485cea50d1cbac27 -> 
  custom:video-decoder-webm-vp8: 9c59270c3fd7afecdb556c50c9e8de78 -> 
  custom:audio-decoder-ogg-vorbis: bf7c407c2cedff20999df2af8eb42d56 -> 
========================================================================
Received Import Request.
  Time since last request: 152.388149 seconds.
  path: Assets/Scripts/Enemy/EnemySM/EnemyStateMachine.cs
  artifactKey: Guid(ba3404fb06cf9ab42af9cd52812c4d94) Importer(815301076,1909f56bfc062723c751e8b465ee728b)
Start importing Assets/Scripts/Enemy/EnemySM/EnemyStateMachine.cs using Guid(ba3404fb06cf9ab42af9cd52812c4d94) Importer(815301076,1909f56bfc062723c751e8b465ee728b)  -> (artifact id: '9deb665d2bc72cc3356948b5ba433715') in 0.016176 seconds 
========================================================================
Received Import Request.
  Time since last request: 1.940665 seconds.
  path: Assets/Scripts/Enemy/Skeleton/EnemySkeleton.cs
  artifactKey: Guid(6e4eab78fd73102419e1054e7fdc38cf) Importer(815301076,1909f56bfc062723c751e8b465ee728b)
Start importing Assets/Scripts/Enemy/Skeleton/EnemySkeleton.cs using Guid(6e4eab78fd73102419e1054e7fdc38cf) Importer(815301076,1909f56bfc062723c751e8b465ee728b)  -> (artifact id: '9cb5e81e2d9f08a2aba0cf2da4e777fd') in 0.008272 seconds 
========================================================================
Received Import Request.
  Time since last request: 0.758889 seconds.
  path: Assets/Scripts/Enemy/Skeleton/EnemySkeletonAnimationTriggers.cs
  artifactKey: Guid(cc2f4bdf48c7b99499519abb4ccccc35) Importer(815301076,1909f56bfc062723c751e8b465ee728b)
Start importing Assets/Scripts/Enemy/Skeleton/EnemySkeletonAnimationTriggers.cs using Guid(cc2f4bdf48c7b99499519abb4ccccc35) Importer(815301076,1909f56bfc062723c751e8b465ee728b)  -> (artifact id: 'f072a0da823a8e36669a0018690b51e8') in 0.007939 seconds 
========================================================================
Received Import Request.
  Time since last request: 1.006015 seconds.
  path: Assets/Scripts/Enemy/Skeleton/SkeletonAttackState.cs
  artifactKey: Guid(975873ade5fe0694cb0d6434f05f2a52) Importer(815301076,1909f56bfc062723c751e8b465ee728b)
Start importing Assets/Scripts/Enemy/Skeleton/SkeletonAttackState.cs using Guid(975873ade5fe0694cb0d6434f05f2a52) Importer(815301076,1909f56bfc062723c751e8b465ee728b)  -> (artifact id: '6d17881604154b14504053a70c0b7759') in 0.008239 seconds 
========================================================================
Received Import Request.
  Time since last request: 1.299732 seconds.
  path: Assets/Scripts/Enemy/Skeleton/SkeletonBattleState.cs
  artifactKey: Guid(622efb8bd3215f54abcac20dd3c7b581) Importer(815301076,1909f56bfc062723c751e8b465ee728b)
Start importing Assets/Scripts/Enemy/Skeleton/SkeletonBattleState.cs using Guid(622efb8bd3215f54abcac20dd3c7b581) Importer(815301076,1909f56bfc062723c751e8b465ee728b)  -> (artifact id: '12bae7a728761b01f65622fb482d99ae') in 0.008030 seconds 
========================================================================
Received Import Request.
  Time since last request: 0.561105 seconds.
  path: Assets/Scripts/Enemy/Skeleton/SkeletonGroundedState.cs
  artifactKey: Guid(f4e84c08ebd0c734f9737f51bba6699d) Importer(815301076,1909f56bfc062723c751e8b465ee728b)
Start importing Assets/Scripts/Enemy/Skeleton/SkeletonGroundedState.cs using Guid(f4e84c08ebd0c734f9737f51bba6699d) Importer(815301076,1909f56bfc062723c751e8b465ee728b)  -> (artifact id: 'd988c30bd6f59d8a7b6864406274871f') in 0.007924 seconds 
========================================================================
Received Import Request.
  Time since last request: 0.828287 seconds.
  path: Assets/Scripts/Enemy/Skeleton/SkeletonIdleState.cs
  artifactKey: Guid(1a0bb333b58184144b5549a4b83763a3) Importer(815301076,1909f56bfc062723c751e8b465ee728b)
Start importing Assets/Scripts/Enemy/Skeleton/SkeletonIdleState.cs using Guid(1a0bb333b58184144b5549a4b83763a3) Importer(815301076,1909f56bfc062723c751e8b465ee728b)  -> (artifact id: 'af466047d18dafaf61ebbd12613a2653') in 0.008051 seconds 
========================================================================
Received Import Request.
  Time since last request: 0.401386 seconds.
  path: Assets/Scripts/Enemy/Skeleton/SkeletonMoveState.cs
  artifactKey: Guid(15a984a1052f54e4fab5c82fcb552af6) Importer(815301076,1909f56bfc062723c751e8b465ee728b)
Start importing Assets/Scripts/Enemy/Skeleton/SkeletonMoveState.cs using Guid(15a984a1052f54e4fab5c82fcb552af6) Importer(815301076,1909f56bfc062723c751e8b465ee728b)  -> (artifact id: 'd9811c671a47be83c61e8528542c01e4') in 0.008358 seconds 
========================================================================
Received Import Request.
  Time since last request: 0.457039 seconds.
  path: Assets/Scripts/Enemy/Skeleton/SkeletonStunnedState.cs
  artifactKey: Guid(7a7dc811bedd16d438bd21b54b9fdad7) Importer(815301076,1909f56bfc062723c751e8b465ee728b)
Start importing Assets/Scripts/Enemy/Skeleton/SkeletonStunnedState.cs using Guid(7a7dc811bedd16d438bd21b54b9fdad7) Importer(815301076,1909f56bfc062723c751e8b465ee728b)  -> (artifact id: '207e3a4a649aec8227b5a6835d335b2f') in 0.008985 seconds 
========================================================================
Received Import Request.
  Time since last request: 2.392588 seconds.
  path: Assets/Scripts/PlayerManager.cs
  artifactKey: Guid(44c61d1f814c954408619befd3e649da) Importer(815301076,1909f56bfc062723c751e8b465ee728b)
Start importing Assets/Scripts/PlayerManager.cs using Guid(44c61d1f814c954408619befd3e649da) Importer(815301076,1909f56bfc062723c751e8b465ee728b)  -> (artifact id: '80f220d63cec6f97d7ae3458756557af') in 0.007732 seconds 
========================================================================
Received Import Request.
  Time since last request: 0.932354 seconds.
  path: Assets/Scripts/ParallaxBackground.cs
  artifactKey: Guid(afb77581c151f944eac16999d0ed0c45) Importer(815301076,1909f56bfc062723c751e8b465ee728b)
Start importing Assets/Scripts/ParallaxBackground.cs using Guid(afb77581c151f944eac16999d0ed0c45) Importer(815301076,1909f56bfc062723c751e8b465ee728b)  -> (artifact id: '8afebb7143e96f812c41c5cf9dcbaffd') in 0.008094 seconds 
========================================================================
Received Import Request.
  Time since last request: 1.204938 seconds.
  path: Assets/Scripts/EntityFX.cs
  artifactKey: Guid(28f1b82eb3c7c724f81305906eb570bf) Importer(815301076,1909f56bfc062723c751e8b465ee728b)
Start importing Assets/Scripts/EntityFX.cs using Guid(28f1b82eb3c7c724f81305906eb570bf) Importer(815301076,1909f56bfc062723c751e8b465ee728b)  -> (artifact id: '777808422d931ea658dfc46d5704e26e') in 0.007577 seconds 
========================================================================
Received Import Request.
  Time since last request: 0.561850 seconds.
  path: Assets/Scripts/Entity.cs
  artifactKey: Guid(59c0bf104537a3c4d854794a007adb21) Importer(815301076,1909f56bfc062723c751e8b465ee728b)
Start importing Assets/Scripts/Entity.cs using Guid(59c0bf104537a3c4d854794a007adb21) Importer(815301076,1909f56bfc062723c751e8b465ee728b)  -> (artifact id: '4aa0c14519c894bd02fe044327870546') in 0.002669 seconds 
========================================================================
Received Import Request.
  Time since last request: 1.416700 seconds.
  path: Assets/Scripts/Skills
  artifactKey: Guid(64083f265be6f004fb9c3ac9a7656098) Importer(815301076,1909f56bfc062723c751e8b465ee728b)
Start importing Assets/Scripts/Skills using Guid(64083f265be6f004fb9c3ac9a7656098) Importer(815301076,1909f56bfc062723c751e8b465ee728b)  -> (artifact id: 'c06f077d0bc4a7481c59a72e8f1d2826') in 0.007845 seconds 
========================================================================
Received Import Request.
  Time since last request: 4.762439 seconds.
  path: Assets/Scripts/Skills/CloneSkill.cs
  artifactKey: Guid(776f6ebfd1c648c40b71aae3756c9b60) Importer(815301076,1909f56bfc062723c751e8b465ee728b)
Start importing Assets/Scripts/Skills/CloneSkill.cs using Guid(776f6ebfd1c648c40b71aae3756c9b60) Importer(815301076,1909f56bfc062723c751e8b465ee728b)  -> (artifact id: '4bedfe13e3ba81d1738dbb2858c8fe69') in 0.008236 seconds 
========================================================================
Received Import Request.
  Time since last request: 0.605882 seconds.
  path: Assets/Scripts/Skills/CloneSkillController.cs
  artifactKey: Guid(178c857fb66171846a79d588fb90c601) Importer(815301076,1909f56bfc062723c751e8b465ee728b)
Start importing Assets/Scripts/Skills/CloneSkillController.cs using Guid(178c857fb66171846a79d588fb90c601) Importer(815301076,1909f56bfc062723c751e8b465ee728b)  -> (artifact id: 'f0eb813bf7d2f604b543d0b58877ae52') in 0.008153 seconds 
========================================================================
Received Import Request.
  Time since last request: 0.468402 seconds.
  path: Assets/Scripts/Skills/DashSkill.cs
  artifactKey: Guid(7964169b76c3e7841af904609c4ba1eb) Importer(815301076,1909f56bfc062723c751e8b465ee728b)
Start importing Assets/Scripts/Skills/DashSkill.cs using Guid(7964169b76c3e7841af904609c4ba1eb) Importer(815301076,1909f56bfc062723c751e8b465ee728b)  -> (artifact id: 'fa0cb782d041c3f2126870867a48cc55') in 0.008297 seconds 
========================================================================
Received Import Request.
  Time since last request: 1.672405 seconds.
  path: Assets/Scripts/Skills/Skill.cs
  artifactKey: Guid(8f22a2fa3c9078c40b2725694fc07003) Importer(815301076,1909f56bfc062723c751e8b465ee728b)
Start importing Assets/Scripts/Skills/Skill.cs using Guid(8f22a2fa3c9078c40b2725694fc07003) Importer(815301076,1909f56bfc062723c751e8b465ee728b)  -> (artifact id: 'b3d199f45dedf18720866d945921d468') in 0.008074 seconds 
========================================================================
Received Import Request.
  Time since last request: 0.677232 seconds.
  path: Assets/Scripts/Skills/SkillManager.cs
  artifactKey: Guid(0eb760948109a9149b3297f0f821af72) Importer(815301076,1909f56bfc062723c751e8b465ee728b)
Start importing Assets/Scripts/Skills/SkillManager.cs using Guid(0eb760948109a9149b3297f0f821af72) Importer(815301076,1909f56bfc062723c751e8b465ee728b)  -> (artifact id: '432c2eca5d3777252c77020addc7dfaa') in 0.007820 seconds 
========================================================================
Received Import Request.
  Time since last request: 0.888139 seconds.
  path: Assets/Scripts/Skills/SwordSkill.cs
  artifactKey: Guid(763a2dff443e2d945b95b9dbc78d8142) Importer(815301076,1909f56bfc062723c751e8b465ee728b)
Start importing Assets/Scripts/Skills/SwordSkill.cs using Guid(763a2dff443e2d945b95b9dbc78d8142) Importer(815301076,1909f56bfc062723c751e8b465ee728b)  -> (artifact id: '353edd35e04458f273241c4a5a6d2046') in 0.007875 seconds 
========================================================================
Received Import Request.
  Time since last request: 0.349819 seconds.
  path: Assets/Scripts/Skills/SwordSkillController.cs
  artifactKey: Guid(e50e3e186f15d2142b41e0b1de1c21da) Importer(815301076,1909f56bfc062723c751e8b465ee728b)
Start importing Assets/Scripts/Skills/SwordSkillController.cs using Guid(e50e3e186f15d2142b41e0b1de1c21da) Importer(815301076,1909f56bfc062723c751e8b465ee728b)  -> (artifact id: '9632e0fd697dae0d9db7f0b922806c27') in 0.007926 seconds 
========================================================================
Received Prepare
Registering precompiled user dll's ...
Registered in 0.008720 seconds.
Begin MonoManager ReloadAssembly
Symbol file LoadedFromMemory doesn't match image U:\GitHub\Programming-Repo\2D RPG github\Library\PackageCache\com.unity.visualscripting@1.7.8\Editor\VisualScripting.Core\Dependencies\YamlDotNet\Unity.VisualScripting.YamlDotNet.dll
Symbol file LoadedFromMemory doesn't match image U:\GitHub\Programming-Repo\2D RPG github\Library\PackageCache\com.unity.visualscripting@1.7.8\Editor\VisualScripting.Core\Dependencies\DotNetZip\Unity.VisualScripting.IonicZip.dll
Native extension for WindowsStandalone target not found
Native extension for Android target not found
Native extension for WebGL target not found
Refreshing native plugins compatible for Editor in 1.10 ms, found 8 plugins.
Preloading 0 native plugins for Editor in 0.00 ms.
Mono: successfully reloaded assembly
- Completed reload, in  1.492 seconds
Domain Reload Profiling:
	ReloadAssembly (1493ms)
		BeginReloadAssembly (157ms)
			ExecutionOrderSort (0ms)
			DisableScriptedObjects (9ms)
			BackupInstance (0ms)
			ReleaseScriptingObjects (0ms)
			CreateAndSetChildDomain (44ms)
		EndReloadAssembly (1215ms)
			LoadAssemblies (111ms)
			RebuildTransferFunctionScriptingTraits (0ms)
			SetupTypeCache (414ms)
			ReleaseScriptCaches (2ms)
			RebuildScriptCaches (83ms)
			SetupLoadedEditorAssemblies (544ms)
				LogAssemblyErrors (0ms)
				InitializePlatformSupportModulesInManaged (25ms)
				SetLoadedEditorAssemblies (1ms)
				RefreshPlugins (1ms)
				BeforeProcessingInitializeOnLoad (116ms)
				ProcessInitializeOnLoadAttributes (341ms)
				ProcessInitializeOnLoadMethodAttributes (55ms)
				AfterProcessingInitializeOnLoad (4ms)
				EditorAssembliesLoaded (0ms)
			ExecutionOrderSort2 (0ms)
			AwakeInstancesAfterBackupRestoration (10ms)
Platform modules already initialized, skipping
Refreshing native plugins compatible for Editor in 4.37 ms, found 8 plugins.
Preloading 0 native plugins for Editor in 0.00 ms.
Unloading 4787 Unused Serialized files (Serialized files now loaded: 0)
Unloading 38 unused Assets / (0.6 MB). Loaded Objects now: 5296.
Memory consumption went from 180.1 MB to 179.6 MB.
Total: 4.263500 ms (FindLiveObjects: 0.425300 ms CreateObjectMapping: 0.117900 ms MarkObjects: 3.325500 ms  DeleteObjects: 0.393600 ms)

AssetImportParameters requested are different than current active one (requested -> active):
  custom:video-decoder-ogg-theora: a1e56fd34408186e4bbccfd4996cb3dc -> 
  custom:container-muxer-webm: aa71ff27fc2769a1b78a27578f13a17b -> 
  custom:container-demuxer-webm: 4f35f7cbe854078d1ac9338744f61a02 -> 
  custom:video-encoder-webm-vp8: eb34c28f22e8b96e1ab97ce403110664 -> 
  custom:audio-encoder-webm-vorbis: bf7c407c2cedff20999df2af8eb42d56 -> 
  custom:framework-win-MediaFoundation: 216162199b28c13a410421893ffa2e32 -> 
  custom:container-demuxer-ogg: 62fdf1f143b41e24485cea50d1cbac27 -> 
  custom:video-decoder-webm-vp8: 9c59270c3fd7afecdb556c50c9e8de78 -> 
  custom:audio-decoder-ogg-vorbis: bf7c407c2cedff20999df2af8eb42d56 -> 
========================================================================
Received Prepare
Registering precompiled user dll's ...
Registered in 0.007941 seconds.
Begin MonoManager ReloadAssembly
Symbol file LoadedFromMemory doesn't match image U:\GitHub\Programming-Repo\2D RPG github\Library\PackageCache\com.unity.visualscripting@1.7.8\Editor\VisualScripting.Core\Dependencies\YamlDotNet\Unity.VisualScripting.YamlDotNet.dll
Symbol file LoadedFromMemory doesn't match image U:\GitHub\Programming-Repo\2D RPG github\Library\PackageCache\com.unity.visualscripting@1.7.8\Editor\VisualScripting.Core\Dependencies\DotNetZip\Unity.VisualScripting.IonicZip.dll
Native extension for WindowsStandalone target not found
Native extension for Android target not found
Native extension for WebGL target not found
Refreshing native plugins compatible for Editor in 1.92 ms, found 8 plugins.
Preloading 0 native plugins for Editor in 0.00 ms.
Mono: successfully reloaded assembly
- Completed reload, in  1.502 seconds
Domain Reload Profiling:
	ReloadAssembly (1503ms)
		BeginReloadAssembly (159ms)
			ExecutionOrderSort (0ms)
			DisableScriptedObjects (9ms)
			BackupInstance (0ms)
			ReleaseScriptingObjects (0ms)
			CreateAndSetChildDomain (48ms)
		EndReloadAssembly (1225ms)
			LoadAssemblies (105ms)
			RebuildTransferFunctionScriptingTraits (0ms)
			SetupTypeCache (340ms)
			ReleaseScriptCaches (3ms)
			RebuildScriptCaches (100ms)
			SetupLoadedEditorAssemblies (596ms)
				LogAssemblyErrors (0ms)
				InitializePlatformSupportModulesInManaged (30ms)
				SetLoadedEditorAssemblies (1ms)
				RefreshPlugins (2ms)
				BeforeProcessingInitializeOnLoad (172ms)
				ProcessInitializeOnLoadAttributes (329ms)
				ProcessInitializeOnLoadMethodAttributes (57ms)
				AfterProcessingInitializeOnLoad (4ms)
				EditorAssembliesLoaded (0ms)
			ExecutionOrderSort2 (0ms)
			AwakeInstancesAfterBackupRestoration (9ms)
Platform modules already initialized, skipping
Refreshing native plugins compatible for Editor in 5.54 ms, found 8 plugins.
Preloading 0 native plugins for Editor in 0.00 ms.
Unloading 4787 Unused Serialized files (Serialized files now loaded: 0)
Unloading 38 unused Assets / (0.5 MB). Loaded Objects now: 5311.
Memory consumption went from 180.1 MB to 179.6 MB.
Total: 4.347800 ms (FindLiveObjects: 0.501000 ms CreateObjectMapping: 0.119300 ms MarkObjects: 3.317600 ms  DeleteObjects: 0.407800 ms)

AssetImportParameters requested are different than current active one (requested -> active):
  custom:video-decoder-ogg-theora: a1e56fd34408186e4bbccfd4996cb3dc -> 
  custom:container-muxer-webm: aa71ff27fc2769a1b78a27578f13a17b -> 
  custom:container-demuxer-webm: 4f35f7cbe854078d1ac9338744f61a02 -> 
  custom:video-encoder-webm-vp8: eb34c28f22e8b96e1ab97ce403110664 -> 
  custom:audio-encoder-webm-vorbis: bf7c407c2cedff20999df2af8eb42d56 -> 
  custom:framework-win-MediaFoundation: 216162199b28c13a410421893ffa2e32 -> 
  custom:container-demuxer-ogg: 62fdf1f143b41e24485cea50d1cbac27 -> 
  custom:video-decoder-webm-vp8: 9c59270c3fd7afecdb556c50c9e8de78 -> 
  custom:audio-decoder-ogg-vorbis: bf7c407c2cedff20999df2af8eb42d56 -> 
========================================================================
Received Prepare
Registering precompiled user dll's ...
Registered in 0.008163 seconds.
Begin MonoManager ReloadAssembly
Symbol file LoadedFromMemory doesn't match image U:\GitHub\Programming-Repo\2D RPG github\Library\PackageCache\com.unity.visualscripting@1.7.8\Editor\VisualScripting.Core\Dependencies\YamlDotNet\Unity.VisualScripting.YamlDotNet.dll
Symbol file LoadedFromMemory doesn't match image U:\GitHub\Programming-Repo\2D RPG github\Library\PackageCache\com.unity.visualscripting@1.7.8\Editor\VisualScripting.Core\Dependencies\DotNetZip\Unity.VisualScripting.IonicZip.dll
Native extension for WindowsStandalone target not found
Native extension for Android target not found
Native extension for WebGL target not found
Refreshing native plugins compatible for Editor in 1.04 ms, found 8 plugins.
Preloading 0 native plugins for Editor in 0.00 ms.
Mono: successfully reloaded assembly
- Completed reload, in  1.327 seconds
Domain Reload Profiling:
	ReloadAssembly (1327ms)
		BeginReloadAssembly (177ms)
			ExecutionOrderSort (0ms)
			DisableScriptedObjects (9ms)
			BackupInstance (0ms)
			ReleaseScriptingObjects (0ms)
			CreateAndSetChildDomain (50ms)
		EndReloadAssembly (1033ms)
			LoadAssemblies (123ms)
			RebuildTransferFunctionScriptingTraits (0ms)
			SetupTypeCache (301ms)
			ReleaseScriptCaches (2ms)
			RebuildScriptCaches (69ms)
			SetupLoadedEditorAssemblies (505ms)
				LogAssemblyErrors (0ms)
				InitializePlatformSupportModulesInManaged (26ms)
				SetLoadedEditorAssemblies (1ms)
				RefreshPlugins (1ms)
				BeforeProcessingInitializeOnLoad (116ms)
				ProcessInitializeOnLoadAttributes (304ms)
				ProcessInitializeOnLoadMethodAttributes (52ms)
				AfterProcessingInitializeOnLoad (4ms)
				EditorAssembliesLoaded (0ms)
			ExecutionOrderSort2 (0ms)
			AwakeInstancesAfterBackupRestoration (9ms)
Platform modules already initialized, skipping
Refreshing native plugins compatible for Editor in 4.72 ms, found 8 plugins.
Preloading 0 native plugins for Editor in 0.00 ms.
Unloading 4787 Unused Serialized files (Serialized files now loaded: 0)
Unloading 38 unused Assets / (0.6 MB). Loaded Objects now: 5326.
Memory consumption went from 180.2 MB to 179.6 MB.
Total: 4.655400 ms (FindLiveObjects: 0.414800 ms CreateObjectMapping: 0.116300 ms MarkObjects: 3.566700 ms  DeleteObjects: 0.556200 ms)

AssetImportParameters requested are different than current active one (requested -> active):
  custom:video-decoder-ogg-theora: a1e56fd34408186e4bbccfd4996cb3dc -> 
  custom:container-muxer-webm: aa71ff27fc2769a1b78a27578f13a17b -> 
  custom:container-demuxer-webm: 4f35f7cbe854078d1ac9338744f61a02 -> 
  custom:video-encoder-webm-vp8: eb34c28f22e8b96e1ab97ce403110664 -> 
  custom:audio-encoder-webm-vorbis: bf7c407c2cedff20999df2af8eb42d56 -> 
  custom:framework-win-MediaFoundation: 216162199b28c13a410421893ffa2e32 -> 
  custom:container-demuxer-ogg: 62fdf1f143b41e24485cea50d1cbac27 -> 
  custom:video-decoder-webm-vp8: 9c59270c3fd7afecdb556c50c9e8de78 -> 
  custom:audio-decoder-ogg-vorbis: bf7c407c2cedff20999df2af8eb42d56 -> 
========================================================================
Received Prepare
Registering precompiled user dll's ...
Registered in 0.008840 seconds.
Begin MonoManager ReloadAssembly
Symbol file LoadedFromMemory doesn't match image U:\GitHub\Programming-Repo\2D RPG github\Library\PackageCache\com.unity.visualscripting@1.7.8\Editor\VisualScripting.Core\Dependencies\YamlDotNet\Unity.VisualScripting.YamlDotNet.dll
Symbol file LoadedFromMemory doesn't match image U:\GitHub\Programming-Repo\2D RPG github\Library\PackageCache\com.unity.visualscripting@1.7.8\Editor\VisualScripting.Core\Dependencies\DotNetZip\Unity.VisualScripting.IonicZip.dll
Native extension for WindowsStandalone target not found
Native extension for Android target not found
Native extension for WebGL target not found
Refreshing native plugins compatible for Editor in 1.08 ms, found 8 plugins.
Preloading 0 native plugins for Editor in 0.00 ms.
Mono: successfully reloaded assembly
- Completed reload, in  1.602 seconds
Domain Reload Profiling:
	ReloadAssembly (1602ms)
		BeginReloadAssembly (155ms)
			ExecutionOrderSort (0ms)
			DisableScriptedObjects (8ms)
			BackupInstance (0ms)
			ReleaseScriptingObjects (0ms)
			CreateAndSetChildDomain (44ms)
		EndReloadAssembly (1343ms)
			LoadAssemblies (112ms)
			RebuildTransferFunctionScriptingTraits (0ms)
			SetupTypeCache (358ms)
			ReleaseScriptCaches (2ms)
			RebuildScriptCaches (81ms)
			SetupLoadedEditorAssemblies (726ms)
				LogAssemblyErrors (0ms)
				InitializePlatformSupportModulesInManaged (27ms)
				SetLoadedEditorAssemblies (1ms)
				RefreshPlugins (1ms)
				BeforeProcessingInitializeOnLoad (137ms)
				ProcessInitializeOnLoadAttributes (495ms)
				ProcessInitializeOnLoadMethodAttributes (59ms)
				AfterProcessingInitializeOnLoad (5ms)
				EditorAssembliesLoaded (0ms)
			ExecutionOrderSort2 (0ms)
			AwakeInstancesAfterBackupRestoration (10ms)
Platform modules already initialized, skipping
Refreshing native plugins compatible for Editor in 4.38 ms, found 8 plugins.
Preloading 0 native plugins for Editor in 0.00 ms.
Unloading 4787 Unused Serialized files (Serialized files now loaded: 0)
Unloading 38 unused Assets / (0.6 MB). Loaded Objects now: 5341.
Memory consumption went from 180.0 MB to 179.4 MB.
Total: 4.775800 ms (FindLiveObjects: 0.423500 ms CreateObjectMapping: 0.116300 ms MarkObjects: 3.795200 ms  DeleteObjects: 0.439300 ms)

AssetImportParameters requested are different than current active one (requested -> active):
  custom:video-decoder-ogg-theora: a1e56fd34408186e4bbccfd4996cb3dc -> 
  custom:container-muxer-webm: aa71ff27fc2769a1b78a27578f13a17b -> 
  custom:container-demuxer-webm: 4f35f7cbe854078d1ac9338744f61a02 -> 
  custom:video-encoder-webm-vp8: eb34c28f22e8b96e1ab97ce403110664 -> 
  custom:audio-encoder-webm-vorbis: bf7c407c2cedff20999df2af8eb42d56 -> 
  custom:framework-win-MediaFoundation: 216162199b28c13a410421893ffa2e32 -> 
  custom:container-demuxer-ogg: 62fdf1f143b41e24485cea50d1cbac27 -> 
  custom:video-decoder-webm-vp8: 9c59270c3fd7afecdb556c50c9e8de78 -> 
  custom:audio-decoder-ogg-vorbis: bf7c407c2cedff20999df2af8eb42d56 -> 
